<?xml version="1.0" encoding="UTF-8"?>
<!-- Generated by org.testng.reporters.JUnitXMLReporter -->
<testsuite ignored="0" hostname="MICROSOFT" failures="0" tests="3" name="Default test" time="40.173" errors="0" timestamp="2023-02-12T12:19:09 IST">
  <testcase classname="screenShotsHere.TakeScreenshot" name="browserOpen" time="39.266"/>
  <testcase classname="screenShotsHere.TakeScreenshot" name="screenshotPage" time="0.701"/>
  <testcase classname="screenShotsHere.TakeScreenshot" name="closeBrowser" time="0.024"/>
</testsuite> <!-- Default test -->
