<?xml version="1.0" encoding="UTF-8"?>
<!-- Generated by org.testng.reporters.JUnitXMLReporter -->
<testsuite ignored="0" hostname="MICROSOFT" failures="0" tests="3" name="Default test" time="23.782" errors="0" timestamp="2023-02-10T21:46:58 IST">
  <testcase classname="pageObject.browserTest" name="launchBrowser" time="11.4"/>
  <testcase classname="pageObject.browserTest" name="openWebPage" time="9.747"/>
  <testcase classname="pageObject.browserTest" name="closeBrowser" time="2.499"/>
</testsuite> <!-- Default test -->
