<?xml version="1.0" encoding="UTF-8"?>
<testng-results ignored="0" total="3" passed="3" failed="0" skipped="0">
  <reporter-output>
  </reporter-output>
  <suite started-at="2023-02-10T21:46:34 IST" name="Default suite" finished-at="2023-02-10T21:46:58 IST" duration-ms="23782">
    <groups>
    </groups>
    <test started-at="2023-02-10T21:46:34 IST" name="Default test" finished-at="2023-02-10T21:46:58 IST" duration-ms="23782">
      <class name="pageObject.browserTest">
        <test-method signature="launchBrowser()[pri:1, instance:pageObject.browserTest@4a883b15]" started-at="2023-02-10T21:46:34 IST" name="launchBrowser" finished-at="2023-02-10T21:46:46 IST" duration-ms="11400" status="PASS">
          <reporter-output>
          </reporter-output>
        </test-method> <!-- launchBrowser -->
        <test-method signature="openWebPage()[pri:2, instance:pageObject.browserTest@4a883b15]" started-at="2023-02-10T21:46:46 IST" name="openWebPage" finished-at="2023-02-10T21:46:56 IST" duration-ms="9747" status="PASS">
          <reporter-output>
          </reporter-output>
        </test-method> <!-- openWebPage -->
        <test-method signature="closeBrowser()[pri:3, instance:pageObject.browserTest@4a883b15]" started-at="2023-02-10T21:46:56 IST" name="closeBrowser" finished-at="2023-02-10T21:46:58 IST" duration-ms="2499" status="PASS">
          <reporter-output>
          </reporter-output>
        </test-method> <!-- closeBrowser -->
      </class> <!-- pageObject.browserTest -->
    </test> <!-- Default test -->
  </suite> <!-- Default suite -->
</testng-results>
