<?xml version="1.0" encoding="UTF-8"?>
<testng-results ignored="0" total="3" passed="3" failed="0" skipped="0">
  <reporter-output>
  </reporter-output>
  <suite started-at="2023-02-12T12:18:29 IST" name="Default suite" finished-at="2023-02-12T12:19:09 IST" duration-ms="40173">
    <groups>
    </groups>
    <test started-at="2023-02-12T12:18:29 IST" name="Default test" finished-at="2023-02-12T12:19:09 IST" duration-ms="40173">
      <class name="screenShotsHere.TakeScreenshot">
        <test-method signature="browserOpen()[pri:1, instance:screenShotsHere.TakeScreenshot@3012646b]" started-at="2023-02-12T12:18:29 IST" name="browserOpen" finished-at="2023-02-12T12:19:08 IST" duration-ms="39266" status="PASS">
          <reporter-output>
          </reporter-output>
        </test-method> <!-- browserOpen -->
        <test-method signature="screenshotPage()[pri:2, instance:screenShotsHere.TakeScreenshot@3012646b]" started-at="2023-02-12T12:19:08 IST" name="screenshotPage" finished-at="2023-02-12T12:19:09 IST" duration-ms="701" status="PASS">
          <reporter-output>
          </reporter-output>
        </test-method> <!-- screenshotPage -->
        <test-method signature="closeBrowser()[pri:3, instance:screenShotsHere.TakeScreenshot@3012646b]" started-at="2023-02-12T12:19:09 IST" name="closeBrowser" finished-at="2023-02-12T12:19:09 IST" duration-ms="24" status="PASS">
          <reporter-output>
          </reporter-output>
        </test-method> <!-- closeBrowser -->
      </class> <!-- screenShotsHere.TakeScreenshot -->
    </test> <!-- Default test -->
  </suite> <!-- Default suite -->
</testng-results>
